{"C:\\Users\\seanr\\meet\\eslint.config.js": {"path":"C:\\Users\\seanr\\meet\\eslint.config.js","statementMap":{},"fnMap":{},"branchMap":{},"s":{},"f":{},"b":{}}
,"C:\\Users\\seanr\\meet\\eslintrc.js": {"path":"C:\\Users\\seanr\\meet\\eslintrc.js","statementMap":{},"fnMap":{},"branchMap":{},"s":{},"f":{},"b":{}}
,"C:\\Users\\seanr\\meet\\jest-puppeteer.js": {"path":"C:\\Users\\seanr\\meet\\jest-puppeteer.js","statementMap":{"0":{"start":{"line":1,"column":0},"end":{"line":13,"column":2}}},"fnMap":{},"branchMap":{},"s":{"0":0},"f":{},"b":{}}
,"C:\\Users\\seanr\\meet\\vite.config.js": {"path":"C:\\Users\\seanr\\meet\\vite.config.js","statementMap":{},"fnMap":{},"branchMap":{},"s":{},"f":{},"b":{}}
,"C:\\Users\\seanr\\meet\\src\\App.jsx": {"path":"C:\\Users\\seanr\\meet\\src\\App.jsx","statementMap":{"0":{"start":{"line":9,"column":12},"end":{"line":70,"column":1}},"1":{"start":{"line":10,"column":30},"end":{"line":10,"column":42}},"2":{"start":{"line":11,"column":38},"end":{"line":11,"column":50}},"3":{"start":{"line":12,"column":42},"end":{"line":12,"column":54}},"4":{"start":{"line":13,"column":40},"end":{"line":13,"column":66}},"5":{"start":{"line":14,"column":50},"end":{"line":14,"column":64}},"6":{"start":{"line":17,"column":2},"end":{"line":20,"column":50}},"7":{"start":{"line":18,"column":4},"end":{"line":18,"column":86}},"8":{"start":{"line":19,"column":4},"end":{"line":19,"column":16}},"9":{"start":{"line":24,"column":20},"end":{"line":55,"column":3}},"10":{"start":{"line":26,"column":4},"end":{"line":54,"column":5}},"11":{"start":{"line":27,"column":24},"end":{"line":27,"column":41}},"12":{"start":{"line":28,"column":6},"end":{"line":31,"column":7}},"13":{"start":{"line":29,"column":8},"end":{"line":29,"column":41}},"14":{"start":{"line":30,"column":8},"end":{"line":30,"column":15}},"15":{"start":{"line":34,"column":8},"end":{"line":36,"column":69}},"16":{"start":{"line":36,"column":38},"end":{"line":36,"column":68}},"17":{"start":{"line":38,"column":6},"end":{"line":43,"column":7}},"18":{"start":{"line":39,"column":8},"end":{"line":39,"column":68}},"19":{"start":{"line":40,"column":8},"end":{"line":40,"column":29}},"20":{"start":{"line":42,"column":8},"end":{"line":42,"column":65}},"21":{"start":{"line":45,"column":6},"end":{"line":51,"column":7}},"22":{"start":{"line":46,"column":8},"end":{"line":46,"column":65}},"23":{"start":{"line":47,"column":8},"end":{"line":47,"column":15}},"24":{"start":{"line":49,"column":8},"end":{"line":49,"column":53}},"25":{"start":{"line":50,"column":8},"end":{"line":50,"column":15}},"26":{"start":{"line":53,"column":6},"end":{"line":53,"column":50}},"27":{"start":{"line":57,"column":2},"end":{"line":69,"column":3}}},"fnMap":{"0":{"name":"(anonymous_0)","decl":{"start":{"line":9,"column":12},"end":{"line":9,"column":13}},"loc":{"start":{"line":9,"column":18},"end":{"line":70,"column":1}},"line":9},"1":{"name":"(anonymous_1)","decl":{"start":{"line":17,"column":12},"end":{"line":17,"column":13}},"loc":{"start":{"line":17,"column":18},"end":{"line":20,"column":3}},"line":17},"2":{"name":"(anonymous_2)","decl":{"start":{"line":24,"column":20},"end":{"line":24,"column":21}},"loc":{"start":{"line":24,"column":32},"end":{"line":55,"column":3}},"line":24},"3":{"name":"(anonymous_3)","decl":{"start":{"line":36,"column":29},"end":{"line":36,"column":30}},"loc":{"start":{"line":36,"column":38},"end":{"line":36,"column":68}},"line":36}},"branchMap":{"0":{"loc":{"start":{"line":28,"column":6},"end":{"line":31,"column":7}},"type":"if","locations":[{"start":{"line":28,"column":6},"end":{"line":31,"column":7}},{"start":{},"end":{}}],"line":28},"1":{"loc":{"start":{"line":34,"column":8},"end":{"line":36,"column":69}},"type":"cond-expr","locations":[{"start":{"line":35,"column":12},"end":{"line":35,"column":21}},{"start":{"line":36,"column":12},"end":{"line":36,"column":69}}],"line":34},"2":{"loc":{"start":{"line":38,"column":6},"end":{"line":43,"column":7}},"type":"if","locations":[{"start":{"line":38,"column":6},"end":{"line":43,"column":7}},{"start":{"line":41,"column":13},"end":{"line":43,"column":7}}],"line":38},"3":{"loc":{"start":{"line":45,"column":6},"end":{"line":51,"column":7}},"type":"if","locations":[{"start":{"line":45,"column":6},"end":{"line":51,"column":7}},{"start":{"line":48,"column":13},"end":{"line":51,"column":7}}],"line":45}},"s":{"0":6,"1":39,"2":39,"3":39,"4":39,"5":39,"6":39,"7":22,"8":22,"9":39,"10":22,"11":22,"12":22,"13":0,"14":0,"15":22,"16":1500,"17":22,"18":0,"19":0,"20":22,"21":22,"22":17,"23":17,"24":5,"25":5,"26":0,"27":39},"f":{"0":39,"1":22,"2":22,"3":1500},"b":{"0":[0,22],"1":[16,6],"2":[0,22],"3":[17,5]},"_coverageSchema":"1a1c01bbd47fc00a2c39e90264f33305004495a9","hash":"866280275df706668b636810b2775ab7d3a14999"}
,"C:\\Users\\seanr\\meet\\src\\api.js": {"path":"C:\\Users\\seanr\\meet\\src\\api.js","statementMap":{"0":{"start":{"line":4,"column":32},"end":{"line":9,"column":1}},"1":{"start":{"line":5,"column":31},"end":{"line":5,"column":68}},"2":{"start":{"line":5,"column":53},"end":{"line":5,"column":67}},"3":{"start":{"line":6,"column":22},"end":{"line":6,"column":54}},"4":{"start":{"line":7,"column":4},"end":{"line":7,"column":21}},"5":{"start":{"line":10,"column":25},"end":{"line":28,"column":1}},"6":{"start":{"line":11,"column":4},"end":{"line":14,"column":5}},"7":{"start":{"line":12,"column":8},"end":{"line":12,"column":24}},"8":{"start":{"line":16,"column":18},"end":{"line":16,"column":40}},"9":{"start":{"line":18,"column":4},"end":{"line":27,"column":5}},"10":{"start":{"line":19,"column":8},"end":{"line":19,"column":22}},"11":{"start":{"line":20,"column":20},"end":{"line":20,"column":112}},"12":{"start":{"line":21,"column":25},"end":{"line":21,"column":41}},"13":{"start":{"line":22,"column":23},"end":{"line":22,"column":44}},"14":{"start":{"line":23,"column":8},"end":{"line":26,"column":22}},"15":{"start":{"line":25,"column":12},"end":{"line":25,"column":26}},"16":{"start":{"line":26,"column":15},"end":{"line":26,"column":22}},"17":{"start":{"line":29,"column":30},"end":{"line":49,"column":1}},"18":{"start":{"line":30,"column":24},"end":{"line":30,"column":60}},"19":{"start":{"line":31,"column":23},"end":{"line":31,"column":69}},"20":{"start":{"line":34,"column":4},"end":{"line":47,"column":5}},"21":{"start":{"line":35,"column":8},"end":{"line":35,"column":54}},"22":{"start":{"line":36,"column":29},"end":{"line":36,"column":72}},"23":{"start":{"line":37,"column":21},"end":{"line":37,"column":51}},"24":{"start":{"line":38,"column":8},"end":{"line":45,"column":9}},"25":{"start":{"line":39,"column":29},"end":{"line":41,"column":13}},"26":{"start":{"line":42,"column":27},"end":{"line":42,"column":48}},"27":{"start":{"line":43,"column":32},"end":{"line":43,"column":38}},"28":{"start":{"line":44,"column":12},"end":{"line":44,"column":52}},"29":{"start":{"line":46,"column":8},"end":{"line":46,"column":38}},"30":{"start":{"line":48,"column":4},"end":{"line":48,"column":23}},"31":{"start":{"line":50,"column":20},"end":{"line":63,"column":1}},"32":{"start":{"line":52,"column":4},"end":{"line":62,"column":5}},"33":{"start":{"line":53,"column":8},"end":{"line":57,"column":37}},"34":{"start":{"line":58,"column":8},"end":{"line":58,"column":49}},"35":{"start":{"line":60,"column":8},"end":{"line":60,"column":72}},"36":{"start":{"line":61,"column":8},"end":{"line":61,"column":49}},"37":{"start":{"line":66,"column":17},"end":{"line":76,"column":1}},"38":{"start":{"line":67,"column":23},"end":{"line":67,"column":47}},"39":{"start":{"line":68,"column":21},"end":{"line":70,"column":5}},"40":{"start":{"line":71,"column":29},"end":{"line":71,"column":50}},"41":{"start":{"line":72,"column":4},"end":{"line":72,"column":71}},"42":{"start":{"line":75,"column":4},"end":{"line":75,"column":24}},"43":{"start":{"line":78,"column":19},"end":{"line":84,"column":1}},"44":{"start":{"line":79,"column":21},"end":{"line":81,"column":5}},"45":{"start":{"line":82,"column":19},"end":{"line":82,"column":40}},"46":{"start":{"line":83,"column":4},"end":{"line":83,"column":18}}},"fnMap":{"0":{"name":"(anonymous_0)","decl":{"start":{"line":4,"column":32},"end":{"line":4,"column":33}},"loc":{"start":{"line":4,"column":44},"end":{"line":9,"column":1}},"line":4},"1":{"name":"(anonymous_1)","decl":{"start":{"line":5,"column":42},"end":{"line":5,"column":43}},"loc":{"start":{"line":5,"column":53},"end":{"line":5,"column":67}},"line":5},"2":{"name":"(anonymous_2)","decl":{"start":{"line":10,"column":25},"end":{"line":10,"column":26}},"loc":{"start":{"line":10,"column":37},"end":{"line":28,"column":1}},"line":10},"3":{"name":"(anonymous_3)","decl":{"start":{"line":29,"column":30},"end":{"line":29,"column":31}},"loc":{"start":{"line":29,"column":42},"end":{"line":49,"column":1}},"line":29},"4":{"name":"(anonymous_4)","decl":{"start":{"line":50,"column":20},"end":{"line":50,"column":21}},"loc":{"start":{"line":50,"column":26},"end":{"line":63,"column":1}},"line":50},"5":{"name":"(anonymous_5)","decl":{"start":{"line":66,"column":17},"end":{"line":66,"column":18}},"loc":{"start":{"line":66,"column":33},"end":{"line":76,"column":1}},"line":66},"6":{"name":"(anonymous_6)","decl":{"start":{"line":78,"column":19},"end":{"line":78,"column":20}},"loc":{"start":{"line":78,"column":42},"end":{"line":84,"column":1}},"line":78}},"branchMap":{"0":{"loc":{"start":{"line":11,"column":4},"end":{"line":14,"column":5}},"type":"if","locations":[{"start":{"line":11,"column":4},"end":{"line":14,"column":5}},{"start":{},"end":{}}],"line":11},"1":{"loc":{"start":{"line":18,"column":4},"end":{"line":27,"column":5}},"type":"if","locations":[{"start":{"line":18,"column":4},"end":{"line":27,"column":5}},{"start":{},"end":{}}],"line":18},"2":{"loc":{"start":{"line":23,"column":8},"end":{"line":26,"column":22}},"type":"if","locations":[{"start":{"line":23,"column":8},"end":{"line":26,"column":22}},{"start":{"line":26,"column":15},"end":{"line":26,"column":22}}],"line":23},"3":{"loc":{"start":{"line":31,"column":23},"end":{"line":31,"column":69}},"type":"binary-expr","locations":[{"start":{"line":31,"column":23},"end":{"line":31,"column":34}},{"start":{"line":31,"column":39},"end":{"line":31,"column":68}}],"line":31},"4":{"loc":{"start":{"line":34,"column":4},"end":{"line":47,"column":5}},"type":"if","locations":[{"start":{"line":34,"column":4},"end":{"line":47,"column":5}},{"start":{},"end":{}}],"line":34},"5":{"loc":{"start":{"line":34,"column":8},"end":{"line":34,"column":40}},"type":"binary-expr","locations":[{"start":{"line":34,"column":8},"end":{"line":34,"column":20}},{"start":{"line":34,"column":24},"end":{"line":34,"column":40}}],"line":34},"6":{"loc":{"start":{"line":38,"column":8},"end":{"line":45,"column":9}},"type":"if","locations":[{"start":{"line":38,"column":8},"end":{"line":45,"column":9}},{"start":{},"end":{}}],"line":38},"7":{"loc":{"start":{"line":46,"column":15},"end":{"line":46,"column":37}},"type":"binary-expr","locations":[{"start":{"line":46,"column":15},"end":{"line":46,"column":19}},{"start":{"line":46,"column":23},"end":{"line":46,"column":37}}],"line":46},"8":{"loc":{"start":{"line":52,"column":4},"end":{"line":62,"column":5}},"type":"if","locations":[{"start":{"line":52,"column":4},"end":{"line":62,"column":5}},{"start":{"line":59,"column":11},"end":{"line":62,"column":5}}],"line":52},"9":{"loc":{"start":{"line":52,"column":8},"end":{"line":52,"column":60}},"type":"binary-expr","locations":[{"start":{"line":52,"column":8},"end":{"line":52,"column":32}},{"start":{"line":52,"column":36},"end":{"line":52,"column":60}}],"line":52},"10":{"loc":{"start":{"line":72,"column":4},"end":{"line":72,"column":70}},"type":"binary-expr","locations":[{"start":{"line":72,"column":4},"end":{"line":72,"column":16}},{"start":{"line":72,"column":20},"end":{"line":72,"column":70}}],"line":72}},"s":{"0":7,"1":27,"2":6750,"3":27,"4":27,"5":7,"6":38,"7":38,"8":0,"9":0,"10":0,"11":0,"12":0,"13":0,"14":0,"15":0,"16":0,"17":7,"18":0,"19":0,"20":0,"21":0,"22":0,"23":0,"24":0,"25":0,"26":0,"27":0,"28":0,"29":0,"30":0,"31":7,"32":0,"33":0,"34":0,"35":0,"36":0,"37":7,"38":0,"39":0,"40":0,"41":0,"42":0,"43":7,"44":0,"45":0,"46":0},"f":{"0":27,"1":6750,"2":38,"3":0,"4":0,"5":0,"6":0},"b":{"0":[38,0],"1":[0,0],"2":[0,0],"3":[0,0],"4":[0,0],"5":[0,0],"6":[0,0],"7":[0,0],"8":[0,0],"9":[0,0],"10":[0,0]},"_coverageSchema":"1a1c01bbd47fc00a2c39e90264f33305004495a9","hash":"e5a579263396600d9c10bfd942d503ce22b3a9da"}
,"C:\\Users\\seanr\\meet\\src\\main.jsx": {"path":"C:\\Users\\seanr\\meet\\src\\main.jsx","statementMap":{"0":{"start":{"line":6,"column":0},"end":{"line":10,"column":1}}},"fnMap":{},"branchMap":{},"s":{"0":0},"f":{},"b":{}}
,"C:\\Users\\seanr\\meet\\src\\mock-data.js": {"path":"C:\\Users\\seanr\\meet\\src\\mock-data.js","statementMap":{"0":{"start":{"line":1,"column":17},"end":{"line":15063,"column":1}}},"fnMap":{},"branchMap":{},"s":{"0":7},"f":{},"b":{},"_coverageSchema":"1a1c01bbd47fc00a2c39e90264f33305004495a9","hash":"0de8ba2672a3efaf9e9cca67f54f6dbe8b10e108"}
,"C:\\Users\\seanr\\meet\\src\\components\\CitySearchView\\CitySearch.jsx": {"path":"C:\\Users\\seanr\\meet\\src\\components\\CitySearchView\\CitySearch.jsx","statementMap":{"0":{"start":{"line":3,"column":19},"end":{"line":82,"column":1}},"1":{"start":{"line":5,"column":28},"end":{"line":5,"column":40}},"2":{"start":{"line":6,"column":40},"end":{"line":6,"column":52}},"3":{"start":{"line":7,"column":48},"end":{"line":7,"column":63}},"4":{"start":{"line":8,"column":30},"end":{"line":8,"column":45}},"5":{"start":{"line":11,"column":2},"end":{"line":16,"column":63}},"6":{"start":{"line":12,"column":4},"end":{"line":12,"column":33}},"7":{"start":{"line":13,"column":4},"end":{"line":13,"column":16}},"8":{"start":{"line":14,"column":4},"end":{"line":14,"column":22}},"9":{"start":{"line":19,"column":29},"end":{"line":29,"column":3}},"10":{"start":{"line":20,"column":18},"end":{"line":20,"column":36}},"11":{"start":{"line":23,"column":6},"end":{"line":25,"column":13}},"12":{"start":{"line":24,"column":8},"end":{"line":24,"column":72}},"13":{"start":{"line":26,"column":4},"end":{"line":26,"column":20}},"14":{"start":{"line":27,"column":4},"end":{"line":27,"column":38}},"15":{"start":{"line":31,"column":28},"end":{"line":36,"column":3}},"16":{"start":{"line":32,"column":18},"end":{"line":32,"column":42}},"17":{"start":{"line":33,"column":4},"end":{"line":33,"column":20}},"18":{"start":{"line":34,"column":4},"end":{"line":34,"column":30}},"19":{"start":{"line":35,"column":4},"end":{"line":35,"column":26}},"20":{"start":{"line":38,"column":21},"end":{"line":42,"column":3}},"21":{"start":{"line":39,"column":4},"end":{"line":39,"column":30}},"22":{"start":{"line":40,"column":4},"end":{"line":40,"column":16}},"23":{"start":{"line":41,"column":4},"end":{"line":41,"column":29}},"24":{"start":{"line":44,"column":2},"end":{"line":81,"column":3}},"25":{"start":{"line":52,"column":10},"end":{"line":52,"column":34}},"26":{"start":{"line":71,"column":14},"end":{"line":71,"column":100}},"27":{"start":{"line":74,"column":52},"end":{"line":74,"column":99}},"28":{"start":{"line":74,"column":100},"end":{"line":74,"column":118}}},"fnMap":{"0":{"name":"(anonymous_0)","decl":{"start":{"line":3,"column":19},"end":{"line":3,"column":20}},"loc":{"start":{"line":3,"column":78},"end":{"line":82,"column":1}},"line":3},"1":{"name":"(anonymous_1)","decl":{"start":{"line":11,"column":12},"end":{"line":11,"column":13}},"loc":{"start":{"line":11,"column":18},"end":{"line":16,"column":3}},"line":11},"2":{"name":"(anonymous_2)","decl":{"start":{"line":19,"column":29},"end":{"line":19,"column":30}},"loc":{"start":{"line":19,"column":40},"end":{"line":29,"column":3}},"line":19},"3":{"name":"(anonymous_3)","decl":{"start":{"line":23,"column":41},"end":{"line":23,"column":42}},"loc":{"start":{"line":23,"column":55},"end":{"line":25,"column":7}},"line":23},"4":{"name":"(anonymous_4)","decl":{"start":{"line":31,"column":28},"end":{"line":31,"column":29}},"loc":{"start":{"line":31,"column":39},"end":{"line":36,"column":3}},"line":31},"5":{"name":"(anonymous_5)","decl":{"start":{"line":38,"column":21},"end":{"line":38,"column":22}},"loc":{"start":{"line":38,"column":27},"end":{"line":42,"column":3}},"line":38},"6":{"name":"(anonymous_6)","decl":{"start":{"line":51,"column":17},"end":{"line":51,"column":18}},"loc":{"start":{"line":51,"column":23},"end":{"line":53,"column":9}},"line":51},"7":{"name":"(anonymous_7)","decl":{"start":{"line":70,"column":28},"end":{"line":70,"column":29}},"loc":{"start":{"line":70,"column":44},"end":{"line":72,"column":13}},"line":70},"8":{"name":"(anonymous_8)","decl":{"start":{"line":74,"column":44},"end":{"line":74,"column":45}},"loc":{"start":{"line":74,"column":50},"end":{"line":74,"column":120}},"line":74}},"branchMap":{"0":{"loc":{"start":{"line":23,"column":6},"end":{"line":25,"column":13}},"type":"cond-expr","locations":[{"start":{"line":23,"column":21},"end":{"line":25,"column":8}},{"start":{"line":25,"column":11},"end":{"line":25,"column":13}}],"line":23},"1":{"loc":{"start":{"line":57,"column":7},"end":{"line":78,"column":14}},"type":"cond-expr","locations":[{"start":{"line":58,"column":8},"end":{"line":77,"column":13}},{"start":{"line":78,"column":10},"end":{"line":78,"column":14}}],"line":57},"2":{"loc":{"start":{"line":59,"column":11},"end":{"line":66,"column":18}},"type":"cond-expr","locations":[{"start":{"line":59,"column":26},"end":{"line":59,"column":30}},{"start":{"line":61,"column":12},"end":{"line":66,"column":18}}],"line":59},"3":{"loc":{"start":{"line":75,"column":13},"end":{"line":75,"column":91}},"type":"cond-expr","locations":[{"start":{"line":75,"column":23},"end":{"line":75,"column":58}},{"start":{"line":75,"column":61},"end":{"line":75,"column":91}}],"line":75}},"s":{"0":6,"1":130,"2":130,"3":130,"4":130,"5":130,"6":30,"7":30,"8":30,"9":130,"10":42,"11":42,"12":342,"13":42,"14":42,"15":130,"16":5,"17":5,"18":5,"19":5,"20":130,"21":0,"22":0,"23":0,"24":130,"25":10,"26":267,"27":1,"28":1},"f":{"0":130,"1":30,"2":42,"3":342,"4":5,"5":0,"6":10,"7":267,"8":1},"b":{"0":[42,0],"1":[63,67],"2":[18,45],"3":[61,2]},"_coverageSchema":"1a1c01bbd47fc00a2c39e90264f33305004495a9","hash":"660b96a015bb529a15ede7f0514777ab556623e7"}
,"C:\\Users\\seanr\\meet\\src\\components\\EventListView\\EventList.jsx": {"path":"C:\\Users\\seanr\\meet\\src\\components\\EventListView\\EventList.jsx","statementMap":{"0":{"start":{"line":6,"column":18},"end":{"line":16,"column":1}},"1":{"start":{"line":7,"column":4},"end":{"line":15,"column":6}},"2":{"start":{"line":10,"column":36},"end":{"line":11,"column":18}},"3":{"start":{"line":18,"column":0},"end":{"line":20,"column":1}}},"fnMap":{"0":{"name":"(anonymous_0)","decl":{"start":{"line":6,"column":18},"end":{"line":6,"column":19}},"loc":{"start":{"line":6,"column":34},"end":{"line":16,"column":1}},"line":6},"1":{"name":"(anonymous_1)","decl":{"start":{"line":10,"column":27},"end":{"line":10,"column":28}},"loc":{"start":{"line":10,"column":36},"end":{"line":11,"column":18}},"line":10}},"branchMap":{"0":{"loc":{"start":{"line":9,"column":13},"end":{"line":12,"column":20}},"type":"cond-expr","locations":[{"start":{"line":10,"column":16},"end":{"line":11,"column":19}},{"start":{"line":12,"column":16},"end":{"line":12,"column":20}}],"line":9}},"s":{"0":6,"1":42,"2":742,"3":6},"f":{"0":42,"1":742},"b":{"0":[40,2]},"_coverageSchema":"1a1c01bbd47fc00a2c39e90264f33305004495a9","hash":"b91761c0ba0c396aa0754f2accc7b3a25683d13d"}
,"C:\\Users\\seanr\\meet\\src\\components\\EventView\\Event.jsx": {"path":"C:\\Users\\seanr\\meet\\src\\components\\EventView\\Event.jsx","statementMap":{"0":{"start":{"line":4,"column":14},"end":{"line":44,"column":1}},"1":{"start":{"line":6,"column":28},"end":{"line":6,"column":43}},"2":{"start":{"line":7,"column":42},"end":{"line":7,"column":57}},"3":{"start":{"line":8,"column":18},"end":{"line":8,"column":58}},"4":{"start":{"line":9,"column":18},"end":{"line":9,"column":56}},"5":{"start":{"line":11,"column":26},"end":{"line":13,"column":5}},"6":{"start":{"line":12,"column":8},"end":{"line":12,"column":37}},"7":{"start":{"line":16,"column":25},"end":{"line":30,"column":5}},"8":{"start":{"line":19,"column":8},"end":{"line":29,"column":9}},"9":{"start":{"line":21,"column":12},"end":{"line":28,"column":22}},"10":{"start":{"line":32,"column":4},"end":{"line":43,"column":14}}},"fnMap":{"0":{"name":"(anonymous_0)","decl":{"start":{"line":4,"column":14},"end":{"line":4,"column":15}},"loc":{"start":{"line":4,"column":29},"end":{"line":44,"column":1}},"line":4},"1":{"name":"(anonymous_1)","decl":{"start":{"line":11,"column":26},"end":{"line":11,"column":27}},"loc":{"start":{"line":11,"column":32},"end":{"line":13,"column":5}},"line":11},"2":{"name":"(anonymous_2)","decl":{"start":{"line":16,"column":25},"end":{"line":16,"column":26}},"loc":{"start":{"line":18,"column":9},"end":{"line":30,"column":5}},"line":18}},"branchMap":{"0":{"loc":{"start":{"line":19,"column":8},"end":{"line":29,"column":9}},"type":"if","locations":[{"start":{"line":19,"column":8},"end":{"line":29,"column":9}},{"start":{},"end":{}}],"line":19},"1":{"loc":{"start":{"line":40,"column":15},"end":{"line":40,"column":60}},"type":"cond-expr","locations":[{"start":{"line":40,"column":29},"end":{"line":40,"column":43}},{"start":{"line":40,"column":46},"end":{"line":40,"column":60}}],"line":40}},"s":{"0":7,"1":751,"2":751,"3":751,"4":751,"5":751,"6":3,"7":751,"8":751,"9":2,"10":751},"f":{"0":751,"1":3,"2":751},"b":{"0":[2,749],"1":[2,749]},"_coverageSchema":"1a1c01bbd47fc00a2c39e90264f33305004495a9","hash":"a1840d0539be0451e099fb8660da56def8bfb10f"}
,"C:\\Users\\seanr\\meet\\src\\components\\numberOfEvents\\NumberOfEvents.jsx": {"path":"C:\\Users\\seanr\\meet\\src\\components\\numberOfEvents\\NumberOfEvents.jsx","statementMap":{"0":{"start":{"line":3,"column":23},"end":{"line":27,"column":1}},"1":{"start":{"line":5,"column":37},"end":{"line":5,"column":49}},"2":{"start":{"line":7,"column":4},"end":{"line":9,"column":23}},"3":{"start":{"line":8,"column":8},"end":{"line":8,"column":40}},"4":{"start":{"line":12,"column":24},"end":{"line":16,"column":5}},"5":{"start":{"line":13,"column":22},"end":{"line":13,"column":40}},"6":{"start":{"line":14,"column":8},"end":{"line":14,"column":31}},"7":{"start":{"line":15,"column":8},"end":{"line":15,"column":39}},"8":{"start":{"line":18,"column":4},"end":{"line":25,"column":5}}},"fnMap":{"0":{"name":"(anonymous_0)","decl":{"start":{"line":3,"column":23},"end":{"line":3,"column":24}},"loc":{"start":{"line":3,"column":46},"end":{"line":27,"column":1}},"line":3},"1":{"name":"(anonymous_1)","decl":{"start":{"line":7,"column":14},"end":{"line":7,"column":15}},"loc":{"start":{"line":7,"column":20},"end":{"line":9,"column":5}},"line":7},"2":{"name":"(anonymous_2)","decl":{"start":{"line":12,"column":24},"end":{"line":12,"column":25}},"loc":{"start":{"line":12,"column":35},"end":{"line":16,"column":5}},"line":12}},"branchMap":{},"s":{"0":6,"1":53,"2":53,"3":15,"4":53,"5":16,"6":16,"7":16,"8":53},"f":{"0":53,"1":15,"2":16},"b":{},"_coverageSchema":"1a1c01bbd47fc00a2c39e90264f33305004495a9","hash":"2e27715c14fd01df3a6c6dc9a7a85c7b4f90f731"}
}
