{"C:\\Users\\seanr\\meet\\eslint.config.js": {"path":"C:\\Users\\seanr\\meet\\eslint.config.js","statementMap":{},"fnMap":{},"branchMap":{},"s":{},"f":{},"b":{}}
,"C:\\Users\\seanr\\meet\\eslintrc.js": {"path":"C:\\Users\\seanr\\meet\\eslintrc.js","statementMap":{},"fnMap":{},"branchMap":{},"s":{},"f":{},"b":{}}
,"C:\\Users\\seanr\\meet\\jest-puppeteer.js": {"path":"C:\\Users\\seanr\\meet\\jest-puppeteer.js","statementMap":{"0":{"start":{"line":1,"column":0},"end":{"line":13,"column":2}}},"fnMap":{},"branchMap":{},"s":{"0":0},"f":{},"b":{}}
,"C:\\Users\\seanr\\meet\\vite.config.js": {"path":"C:\\Users\\seanr\\meet\\vite.config.js","statementMap":{},"fnMap":{},"branchMap":{},"s":{},"f":{},"b":{}}
,"C:\\Users\\seanr\\meet\\src\\App.jsx": {"path":"C:\\Users\\seanr\\meet\\src\\App.jsx","statementMap":{"0":{"start":{"line":10,"column":12},"end":{"line":81,"column":1}},"1":{"start":{"line":11,"column":30},"end":{"line":11,"column":42}},"2":{"start":{"line":12,"column":38},"end":{"line":12,"column":50}},"3":{"start":{"line":13,"column":42},"end":{"line":13,"column":54}},"4":{"start":{"line":14,"column":40},"end":{"line":14,"column":66}},"5":{"start":{"line":15,"column":50},"end":{"line":15,"column":64}},"6":{"start":{"line":16,"column":36},"end":{"line":16,"column":48}},"7":{"start":{"line":17,"column":38},"end":{"line":17,"column":50}},"8":{"start":{"line":19,"column":2},"end":{"line":24,"column":50}},"9":{"start":{"line":20,"column":4},"end":{"line":23,"column":13}},"10":{"start":{"line":21,"column":6},"end":{"line":21,"column":88}},"11":{"start":{"line":22,"column":6},"end":{"line":22,"column":18}},"12":{"start":{"line":28,"column":20},"end":{"line":59,"column":3}},"13":{"start":{"line":30,"column":4},"end":{"line":58,"column":5}},"14":{"start":{"line":31,"column":24},"end":{"line":31,"column":41}},"15":{"start":{"line":32,"column":6},"end":{"line":35,"column":7}},"16":{"start":{"line":33,"column":8},"end":{"line":33,"column":41}},"17":{"start":{"line":34,"column":8},"end":{"line":34,"column":15}},"18":{"start":{"line":38,"column":8},"end":{"line":40,"column":69}},"19":{"start":{"line":40,"column":38},"end":{"line":40,"column":68}},"20":{"start":{"line":42,"column":6},"end":{"line":47,"column":7}},"21":{"start":{"line":43,"column":8},"end":{"line":43,"column":68}},"22":{"start":{"line":44,"column":8},"end":{"line":44,"column":60}},"23":{"start":{"line":46,"column":8},"end":{"line":46,"column":65}},"24":{"start":{"line":49,"column":6},"end":{"line":55,"column":7}},"25":{"start":{"line":50,"column":8},"end":{"line":50,"column":65}},"26":{"start":{"line":51,"column":8},"end":{"line":51,"column":15}},"27":{"start":{"line":53,"column":8},"end":{"line":53,"column":53}},"28":{"start":{"line":54,"column":8},"end":{"line":54,"column":15}},"29":{"start":{"line":57,"column":6},"end":{"line":57,"column":50}},"30":{"start":{"line":61,"column":2},"end":{"line":80,"column":3}}},"fnMap":{"0":{"name":"(anonymous_0)","decl":{"start":{"line":10,"column":12},"end":{"line":10,"column":13}},"loc":{"start":{"line":10,"column":18},"end":{"line":81,"column":1}},"line":10},"1":{"name":"(anonymous_1)","decl":{"start":{"line":19,"column":12},"end":{"line":19,"column":13}},"loc":{"start":{"line":19,"column":18},"end":{"line":24,"column":3}},"line":19},"2":{"name":"(anonymous_2)","decl":{"start":{"line":20,"column":15},"end":{"line":20,"column":16}},"loc":{"start":{"line":20,"column":21},"end":{"line":23,"column":5}},"line":20},"3":{"name":"(anonymous_3)","decl":{"start":{"line":28,"column":20},"end":{"line":28,"column":21}},"loc":{"start":{"line":28,"column":32},"end":{"line":59,"column":3}},"line":28},"4":{"name":"(anonymous_4)","decl":{"start":{"line":40,"column":29},"end":{"line":40,"column":30}},"loc":{"start":{"line":40,"column":38},"end":{"line":40,"column":68}},"line":40}},"branchMap":{"0":{"loc":{"start":{"line":32,"column":6},"end":{"line":35,"column":7}},"type":"if","locations":[{"start":{"line":32,"column":6},"end":{"line":35,"column":7}},{"start":{},"end":{}}],"line":32},"1":{"loc":{"start":{"line":38,"column":8},"end":{"line":40,"column":69}},"type":"cond-expr","locations":[{"start":{"line":39,"column":12},"end":{"line":39,"column":21}},{"start":{"line":40,"column":12},"end":{"line":40,"column":69}}],"line":38},"2":{"loc":{"start":{"line":42,"column":6},"end":{"line":47,"column":7}},"type":"if","locations":[{"start":{"line":42,"column":6},"end":{"line":47,"column":7}},{"start":{"line":45,"column":13},"end":{"line":47,"column":7}}],"line":42},"3":{"loc":{"start":{"line":49,"column":6},"end":{"line":55,"column":7}},"type":"if","locations":[{"start":{"line":49,"column":6},"end":{"line":55,"column":7}},{"start":{"line":52,"column":13},"end":{"line":55,"column":7}}],"line":49},"4":{"loc":{"start":{"line":64,"column":9},"end":{"line":64,"column":65}},"type":"cond-expr","locations":[{"start":{"line":64,"column":28},"end":{"line":64,"column":58}},{"start":{"line":64,"column":61},"end":{"line":64,"column":65}}],"line":64},"5":{"loc":{"start":{"line":65,"column":9},"end":{"line":65,"column":68}},"type":"cond-expr","locations":[{"start":{"line":65,"column":29},"end":{"line":65,"column":61}},{"start":{"line":65,"column":64},"end":{"line":65,"column":68}}],"line":65}},"s":{"0":5,"1":23,"2":23,"3":23,"4":23,"5":23,"6":23,"7":23,"8":23,"9":15,"10":3,"11":3,"12":23,"13":3,"14":3,"15":3,"16":0,"17":0,"18":3,"19":0,"20":3,"21":0,"22":0,"23":3,"24":3,"25":3,"26":3,"27":0,"28":0,"29":0,"30":23},"f":{"0":23,"1":15,"2":3,"3":3,"4":0},"b":{"0":[0,3],"1":[3,0],"2":[0,3],"3":[3,0],"4":[14,9],"5":[2,21]},"_coverageSchema":"1a1c01bbd47fc00a2c39e90264f33305004495a9","hash":"480f6d899a07722bc09dc8606dd08984f74dc44a"}
,"C:\\Users\\seanr\\meet\\src\\api.js": {"path":"C:\\Users\\seanr\\meet\\src\\api.js","statementMap":{"0":{"start":{"line":4,"column":32},"end":{"line":9,"column":1}},"1":{"start":{"line":5,"column":31},"end":{"line":5,"column":68}},"2":{"start":{"line":5,"column":53},"end":{"line":5,"column":67}},"3":{"start":{"line":6,"column":22},"end":{"line":6,"column":54}},"4":{"start":{"line":7,"column":4},"end":{"line":7,"column":21}},"5":{"start":{"line":10,"column":25},"end":{"line":28,"column":1}},"6":{"start":{"line":11,"column":4},"end":{"line":14,"column":5}},"7":{"start":{"line":12,"column":8},"end":{"line":12,"column":24}},"8":{"start":{"line":16,"column":18},"end":{"line":16,"column":40}},"9":{"start":{"line":18,"column":4},"end":{"line":27,"column":5}},"10":{"start":{"line":19,"column":8},"end":{"line":19,"column":22}},"11":{"start":{"line":20,"column":20},"end":{"line":20,"column":112}},"12":{"start":{"line":21,"column":25},"end":{"line":21,"column":41}},"13":{"start":{"line":22,"column":23},"end":{"line":22,"column":44}},"14":{"start":{"line":23,"column":8},"end":{"line":26,"column":22}},"15":{"start":{"line":25,"column":12},"end":{"line":25,"column":33}},"16":{"start":{"line":26,"column":15},"end":{"line":26,"column":22}},"17":{"start":{"line":29,"column":30},"end":{"line":49,"column":1}},"18":{"start":{"line":30,"column":24},"end":{"line":30,"column":60}},"19":{"start":{"line":31,"column":23},"end":{"line":31,"column":69}},"20":{"start":{"line":34,"column":4},"end":{"line":47,"column":5}},"21":{"start":{"line":35,"column":8},"end":{"line":35,"column":54}},"22":{"start":{"line":36,"column":29},"end":{"line":36,"column":72}},"23":{"start":{"line":37,"column":21},"end":{"line":37,"column":51}},"24":{"start":{"line":38,"column":8},"end":{"line":45,"column":9}},"25":{"start":{"line":39,"column":29},"end":{"line":41,"column":13}},"26":{"start":{"line":42,"column":27},"end":{"line":42,"column":48}},"27":{"start":{"line":43,"column":32},"end":{"line":43,"column":38}},"28":{"start":{"line":44,"column":12},"end":{"line":44,"column":52}},"29":{"start":{"line":46,"column":8},"end":{"line":46,"column":38}},"30":{"start":{"line":48,"column":4},"end":{"line":48,"column":23}},"31":{"start":{"line":50,"column":19},"end":{"line":56,"column":1}},"32":{"start":{"line":51,"column":21},"end":{"line":53,"column":5}},"33":{"start":{"line":54,"column":19},"end":{"line":54,"column":40}},"34":{"start":{"line":55,"column":4},"end":{"line":55,"column":18}},"35":{"start":{"line":57,"column":20},"end":{"line":70,"column":1}},"36":{"start":{"line":59,"column":4},"end":{"line":69,"column":5}},"37":{"start":{"line":60,"column":8},"end":{"line":64,"column":37}},"38":{"start":{"line":65,"column":8},"end":{"line":65,"column":49}},"39":{"start":{"line":67,"column":8},"end":{"line":67,"column":72}},"40":{"start":{"line":68,"column":8},"end":{"line":68,"column":49}},"41":{"start":{"line":73,"column":17},"end":{"line":87,"column":1}},"42":{"start":{"line":74,"column":4},"end":{"line":86,"column":5}},"43":{"start":{"line":75,"column":27},"end":{"line":75,"column":51}},"44":{"start":{"line":77,"column":25},"end":{"line":77,"column":130}},"45":{"start":{"line":78,"column":8},"end":{"line":80,"column":9}},"46":{"start":{"line":79,"column":12},"end":{"line":79,"column":69}},"47":{"start":{"line":81,"column":33},"end":{"line":81,"column":54}},"48":{"start":{"line":82,"column":8},"end":{"line":82,"column":75}},"49":{"start":{"line":83,"column":8},"end":{"line":83,"column":28}},"50":{"start":{"line":85,"column":8},"end":{"line":85,"column":21}}},"fnMap":{"0":{"name":"(anonymous_0)","decl":{"start":{"line":4,"column":32},"end":{"line":4,"column":33}},"loc":{"start":{"line":4,"column":44},"end":{"line":9,"column":1}},"line":4},"1":{"name":"(anonymous_1)","decl":{"start":{"line":5,"column":42},"end":{"line":5,"column":43}},"loc":{"start":{"line":5,"column":53},"end":{"line":5,"column":67}},"line":5},"2":{"name":"(anonymous_2)","decl":{"start":{"line":10,"column":25},"end":{"line":10,"column":26}},"loc":{"start":{"line":10,"column":37},"end":{"line":28,"column":1}},"line":10},"3":{"name":"(anonymous_3)","decl":{"start":{"line":29,"column":30},"end":{"line":29,"column":31}},"loc":{"start":{"line":29,"column":42},"end":{"line":49,"column":1}},"line":29},"4":{"name":"(anonymous_4)","decl":{"start":{"line":50,"column":19},"end":{"line":50,"column":20}},"loc":{"start":{"line":50,"column":42},"end":{"line":56,"column":1}},"line":50},"5":{"name":"(anonymous_5)","decl":{"start":{"line":57,"column":20},"end":{"line":57,"column":21}},"loc":{"start":{"line":57,"column":26},"end":{"line":70,"column":1}},"line":57},"6":{"name":"(anonymous_6)","decl":{"start":{"line":73,"column":17},"end":{"line":73,"column":18}},"loc":{"start":{"line":73,"column":33},"end":{"line":87,"column":1}},"line":73}},"branchMap":{"0":{"loc":{"start":{"line":11,"column":4},"end":{"line":14,"column":5}},"type":"if","locations":[{"start":{"line":11,"column":4},"end":{"line":14,"column":5}},{"start":{},"end":{}}],"line":11},"1":{"loc":{"start":{"line":18,"column":4},"end":{"line":27,"column":5}},"type":"if","locations":[{"start":{"line":18,"column":4},"end":{"line":27,"column":5}},{"start":{},"end":{}}],"line":18},"2":{"loc":{"start":{"line":23,"column":8},"end":{"line":26,"column":22}},"type":"if","locations":[{"start":{"line":23,"column":8},"end":{"line":26,"column":22}},{"start":{"line":26,"column":15},"end":{"line":26,"column":22}}],"line":23},"3":{"loc":{"start":{"line":31,"column":23},"end":{"line":31,"column":69}},"type":"binary-expr","locations":[{"start":{"line":31,"column":23},"end":{"line":31,"column":34}},{"start":{"line":31,"column":39},"end":{"line":31,"column":68}}],"line":31},"4":{"loc":{"start":{"line":34,"column":4},"end":{"line":47,"column":5}},"type":"if","locations":[{"start":{"line":34,"column":4},"end":{"line":47,"column":5}},{"start":{},"end":{}}],"line":34},"5":{"loc":{"start":{"line":34,"column":8},"end":{"line":34,"column":40}},"type":"binary-expr","locations":[{"start":{"line":34,"column":8},"end":{"line":34,"column":20}},{"start":{"line":34,"column":24},"end":{"line":34,"column":40}}],"line":34},"6":{"loc":{"start":{"line":38,"column":8},"end":{"line":45,"column":9}},"type":"if","locations":[{"start":{"line":38,"column":8},"end":{"line":45,"column":9}},{"start":{},"end":{}}],"line":38},"7":{"loc":{"start":{"line":46,"column":15},"end":{"line":46,"column":37}},"type":"binary-expr","locations":[{"start":{"line":46,"column":15},"end":{"line":46,"column":19}},{"start":{"line":46,"column":23},"end":{"line":46,"column":37}}],"line":46},"8":{"loc":{"start":{"line":59,"column":4},"end":{"line":69,"column":5}},"type":"if","locations":[{"start":{"line":59,"column":4},"end":{"line":69,"column":5}},{"start":{"line":66,"column":11},"end":{"line":69,"column":5}}],"line":59},"9":{"loc":{"start":{"line":59,"column":8},"end":{"line":59,"column":60}},"type":"binary-expr","locations":[{"start":{"line":59,"column":8},"end":{"line":59,"column":32}},{"start":{"line":59,"column":36},"end":{"line":59,"column":60}}],"line":59},"10":{"loc":{"start":{"line":78,"column":8},"end":{"line":80,"column":9}},"type":"if","locations":[{"start":{"line":78,"column":8},"end":{"line":80,"column":9}},{"start":{},"end":{}}],"line":78},"11":{"loc":{"start":{"line":82,"column":8},"end":{"line":82,"column":74}},"type":"binary-expr","locations":[{"start":{"line":82,"column":8},"end":{"line":82,"column":20}},{"start":{"line":82,"column":24},"end":{"line":82,"column":74}}],"line":82}},"s":{"0":6,"1":8,"2":2000,"3":8,"4":8,"5":6,"6":18,"7":18,"8":0,"9":0,"10":0,"11":0,"12":0,"13":0,"14":0,"15":0,"16":0,"17":6,"18":0,"19":0,"20":0,"21":0,"22":0,"23":0,"24":0,"25":0,"26":0,"27":0,"28":0,"29":0,"30":0,"31":6,"32":0,"33":0,"34":0,"35":6,"36":0,"37":0,"38":0,"39":0,"40":0,"41":6,"42":0,"43":0,"44":0,"45":0,"46":0,"47":0,"48":0,"49":0,"50":0},"f":{"0":8,"1":2000,"2":18,"3":0,"4":0,"5":0,"6":0},"b":{"0":[18,0],"1":[0,0],"2":[0,0],"3":[0,0],"4":[0,0],"5":[0,0],"6":[0,0],"7":[0,0],"8":[0,0],"9":[0,0],"10":[0,0],"11":[0,0]},"_coverageSchema":"1a1c01bbd47fc00a2c39e90264f33305004495a9","hash":"622e1b91f81b07064cc4490f78da838f77c05244"}
,"C:\\Users\\seanr\\meet\\src\\main.jsx": {"path":"C:\\Users\\seanr\\meet\\src\\main.jsx","statementMap":{"0":{"start":{"line":9,"column":0},"end":{"line":9,"column":60}},"1":{"start":{"line":13,"column":0},"end":{"line":17,"column":1}},"2":{"start":{"line":18,"column":0},"end":{"line":18,"column":37}}},"fnMap":{},"branchMap":{},"s":{"0":0,"1":0,"2":0},"f":{},"b":{}}
,"C:\\Users\\seanr\\meet\\src\\mock-data.js": {"path":"C:\\Users\\seanr\\meet\\src\\mock-data.js","statementMap":{"0":{"start":{"line":1,"column":17},"end":{"line":15063,"column":1}}},"fnMap":{},"branchMap":{},"s":{"0":6},"f":{},"b":{},"_coverageSchema":"1a1c01bbd47fc00a2c39e90264f33305004495a9","hash":"0de8ba2672a3efaf9e9cca67f54f6dbe8b10e108"}
,"C:\\Users\\seanr\\meet\\src\\service-worker.js": {"path":"C:\\Users\\seanr\\meet\\src\\service-worker.js","statementMap":{"0":{"start":{"line":16,"column":0},"end":{"line":16,"column":15}},"1":{"start":{"line":22,"column":0},"end":{"line":22,"column":37}},"2":{"start":{"line":27,"column":28},"end":{"line":27,"column":58}},"3":{"start":{"line":28,"column":16},"end":{"line":28,"column":54}},"4":{"start":{"line":30,"column":0},"end":{"line":38,"column":2}},"5":{"start":{"line":32,"column":8},"end":{"line":32,"column":54}},"6":{"start":{"line":32,"column":41},"end":{"line":32,"column":54}},"7":{"start":{"line":33,"column":8},"end":{"line":33,"column":56}},"8":{"start":{"line":33,"column":43},"end":{"line":33,"column":56}},"9":{"start":{"line":34,"column":8},"end":{"line":34,"column":66}},"10":{"start":{"line":34,"column":53},"end":{"line":34,"column":66}},"11":{"start":{"line":35,"column":8},"end":{"line":35,"column":20}},"12":{"start":{"line":42,"column":0},"end":{"line":53,"column":2}},"13":{"start":{"line":44,"column":17},"end":{"line":44,"column":85}},"14":{"start":{"line":57,"column":0},"end":{"line":61,"column":3}},"15":{"start":{"line":58,"column":4},"end":{"line":60,"column":5}},"16":{"start":{"line":59,"column":8},"end":{"line":59,"column":27}}},"fnMap":{"0":{"name":"(anonymous_0)","decl":{"start":{"line":31,"column":4},"end":{"line":31,"column":5}},"loc":{"start":{"line":31,"column":26},"end":{"line":36,"column":5}},"line":31},"1":{"name":"(anonymous_1)","decl":{"start":{"line":44,"column":4},"end":{"line":44,"column":5}},"loc":{"start":{"line":44,"column":17},"end":{"line":44,"column":85}},"line":44},"2":{"name":"(anonymous_2)","decl":{"start":{"line":57,"column":33},"end":{"line":57,"column":34}},"loc":{"start":{"line":57,"column":44},"end":{"line":61,"column":1}},"line":57}},"branchMap":{"0":{"loc":{"start":{"line":32,"column":8},"end":{"line":32,"column":54}},"type":"if","locations":[{"start":{"line":32,"column":8},"end":{"line":32,"column":54}},{"start":{},"end":{}}],"line":32},"1":{"loc":{"start":{"line":33,"column":8},"end":{"line":33,"column":56}},"type":"if","locations":[{"start":{"line":33,"column":8},"end":{"line":33,"column":56}},{"start":{},"end":{}}],"line":33},"2":{"loc":{"start":{"line":34,"column":8},"end":{"line":34,"column":66}},"type":"if","locations":[{"start":{"line":34,"column":8},"end":{"line":34,"column":66}},{"start":{},"end":{}}],"line":34},"3":{"loc":{"start":{"line":44,"column":17},"end":{"line":44,"column":85}},"type":"binary-expr","locations":[{"start":{"line":44,"column":17},"end":{"line":44,"column":52}},{"start":{"line":44,"column":56},"end":{"line":44,"column":85}}],"line":44},"4":{"loc":{"start":{"line":58,"column":4},"end":{"line":60,"column":5}},"type":"if","locations":[{"start":{"line":58,"column":4},"end":{"line":60,"column":5}},{"start":{},"end":{}}],"line":58},"5":{"loc":{"start":{"line":58,"column":8},"end":{"line":58,"column":56}},"type":"binary-expr","locations":[{"start":{"line":58,"column":8},"end":{"line":58,"column":18}},{"start":{"line":58,"column":22},"end":{"line":58,"column":56}}],"line":58}},"s":{"0":0,"1":0,"2":0,"3":0,"4":0,"5":0,"6":0,"7":0,"8":0,"9":0,"10":0,"11":0,"12":0,"13":0,"14":0,"15":0,"16":0},"f":{"0":0,"1":0,"2":0},"b":{"0":[0,0],"1":[0,0],"2":[0,0],"3":[0,0],"4":[0,0],"5":[0,0]}}
,"C:\\Users\\seanr\\meet\\src\\serviceWorkerRegistration.js": {"path":"C:\\Users\\seanr\\meet\\src\\serviceWorkerRegistration.js","statementMap":{"0":{"start":{"line":13,"column":20},"end":{"line":19,"column":1}},"1":{"start":{"line":22,"column":4},"end":{"line":41,"column":5}},"2":{"start":{"line":23,"column":8},"end":{"line":40,"column":11}},"3":{"start":{"line":24,"column":26},"end":{"line":24,"column":46}},"4":{"start":{"line":26,"column":12},"end":{"line":39,"column":13}},"5":{"start":{"line":28,"column":16},"end":{"line":28,"column":55}},"6":{"start":{"line":30,"column":16},"end":{"line":35,"column":19}},"7":{"start":{"line":31,"column":20},"end":{"line":34,"column":22}},"8":{"start":{"line":38,"column":16},"end":{"line":38,"column":47}},"9":{"start":{"line":45,"column":4},"end":{"line":85,"column":11}},"10":{"start":{"line":48,"column":12},"end":{"line":81,"column":14}},"11":{"start":{"line":49,"column":41},"end":{"line":49,"column":64}},"12":{"start":{"line":50,"column":16},"end":{"line":52,"column":17}},"13":{"start":{"line":51,"column":20},"end":{"line":51,"column":27}},"14":{"start":{"line":53,"column":16},"end":{"line":80,"column":18}},"15":{"start":{"line":54,"column":20},"end":{"line":79,"column":21}},"16":{"start":{"line":55,"column":24},"end":{"line":78,"column":25}},"17":{"start":{"line":59,"column":28},"end":{"line":62,"column":30}},"18":{"start":{"line":65,"column":28},"end":{"line":67,"column":29}},"19":{"start":{"line":66,"column":32},"end":{"line":66,"column":62}},"20":{"start":{"line":72,"column":28},"end":{"line":72,"column":78}},"21":{"start":{"line":75,"column":28},"end":{"line":77,"column":29}},"22":{"start":{"line":76,"column":32},"end":{"line":76,"column":63}},"23":{"start":{"line":84,"column":12},"end":{"line":84,"column":78}},"24":{"start":{"line":90,"column":4},"end":{"line":113,"column":11}},"25":{"start":{"line":95,"column":32},"end":{"line":95,"column":68}},"26":{"start":{"line":96,"column":12},"end":{"line":109,"column":13}},"27":{"start":{"line":101,"column":16},"end":{"line":105,"column":19}},"28":{"start":{"line":102,"column":20},"end":{"line":104,"column":23}},"29":{"start":{"line":103,"column":24},"end":{"line":103,"column":49}},"30":{"start":{"line":108,"column":16},"end":{"line":108,"column":47}},"31":{"start":{"line":112,"column":12},"end":{"line":112,"column":89}},"32":{"start":{"line":117,"column":4},"end":{"line":125,"column":5}},"33":{"start":{"line":118,"column":8},"end":{"line":124,"column":15}},"34":{"start":{"line":120,"column":16},"end":{"line":120,"column":42}},"35":{"start":{"line":123,"column":16},"end":{"line":123,"column":45}}},"fnMap":{"0":{"name":"register","decl":{"start":{"line":21,"column":16},"end":{"line":21,"column":24}},"loc":{"start":{"line":21,"column":33},"end":{"line":42,"column":1}},"line":21},"1":{"name":"(anonymous_1)","decl":{"start":{"line":23,"column":40},"end":{"line":23,"column":41}},"loc":{"start":{"line":23,"column":46},"end":{"line":40,"column":9}},"line":23},"2":{"name":"(anonymous_2)","decl":{"start":{"line":30,"column":51},"end":{"line":30,"column":52}},"loc":{"start":{"line":30,"column":57},"end":{"line":35,"column":17}},"line":30},"3":{"name":"registerValidSW","decl":{"start":{"line":44,"column":9},"end":{"line":44,"column":24}},"loc":{"start":{"line":44,"column":40},"end":{"line":86,"column":1}},"line":44},"4":{"name":"(anonymous_4)","decl":{"start":{"line":47,"column":14},"end":{"line":47,"column":15}},"loc":{"start":{"line":47,"column":32},"end":{"line":82,"column":9}},"line":47},"5":{"name":"(anonymous_5)","decl":{"start":{"line":48,"column":41},"end":{"line":48,"column":42}},"loc":{"start":{"line":48,"column":47},"end":{"line":81,"column":13}},"line":48},"6":{"name":"(anonymous_6)","decl":{"start":{"line":53,"column":49},"end":{"line":53,"column":50}},"loc":{"start":{"line":53,"column":55},"end":{"line":80,"column":17}},"line":53},"7":{"name":"(anonymous_7)","decl":{"start":{"line":83,"column":15},"end":{"line":83,"column":16}},"loc":{"start":{"line":83,"column":26},"end":{"line":85,"column":9}},"line":83},"8":{"name":"checkValidServiceWorker","decl":{"start":{"line":88,"column":9},"end":{"line":88,"column":32}},"loc":{"start":{"line":88,"column":48},"end":{"line":114,"column":1}},"line":88},"9":{"name":"(anonymous_9)","decl":{"start":{"line":93,"column":14},"end":{"line":93,"column":15}},"loc":{"start":{"line":93,"column":28},"end":{"line":110,"column":9}},"line":93},"10":{"name":"(anonymous_10)","decl":{"start":{"line":101,"column":51},"end":{"line":101,"column":52}},"loc":{"start":{"line":101,"column":69},"end":{"line":105,"column":17}},"line":101},"11":{"name":"(anonymous_11)","decl":{"start":{"line":102,"column":51},"end":{"line":102,"column":52}},"loc":{"start":{"line":102,"column":57},"end":{"line":104,"column":21}},"line":102},"12":{"name":"(anonymous_12)","decl":{"start":{"line":111,"column":15},"end":{"line":111,"column":16}},"loc":{"start":{"line":111,"column":21},"end":{"line":113,"column":9}},"line":111},"13":{"name":"unregister","decl":{"start":{"line":116,"column":16},"end":{"line":116,"column":26}},"loc":{"start":{"line":116,"column":29},"end":{"line":126,"column":1}},"line":116},"14":{"name":"(anonymous_14)","decl":{"start":{"line":119,"column":18},"end":{"line":119,"column":19}},"loc":{"start":{"line":119,"column":36},"end":{"line":121,"column":13}},"line":119},"15":{"name":"(anonymous_15)","decl":{"start":{"line":122,"column":19},"end":{"line":122,"column":20}},"loc":{"start":{"line":122,"column":30},"end":{"line":124,"column":13}},"line":122}},"branchMap":{"0":{"loc":{"start":{"line":14,"column":4},"end":{"line":18,"column":92}},"type":"binary-expr","locations":[{"start":{"line":14,"column":4},"end":{"line":14,"column":44}},{"start":{"line":16,"column":4},"end":{"line":16,"column":40}},{"start":{"line":18,"column":4},"end":{"line":18,"column":92}}],"line":14},"1":{"loc":{"start":{"line":22,"column":4},"end":{"line":41,"column":5}},"type":"if","locations":[{"start":{"line":22,"column":4},"end":{"line":41,"column":5}},{"start":{},"end":{}}],"line":22},"2":{"loc":{"start":{"line":22,"column":8},"end":{"line":22,"column":77}},"type":"binary-expr","locations":[{"start":{"line":22,"column":8},"end":{"line":22,"column":45}},{"start":{"line":22,"column":49},"end":{"line":22,"column":77}}],"line":22},"3":{"loc":{"start":{"line":26,"column":12},"end":{"line":39,"column":13}},"type":"if","locations":[{"start":{"line":26,"column":12},"end":{"line":39,"column":13}},{"start":{"line":36,"column":19},"end":{"line":39,"column":13}}],"line":26},"4":{"loc":{"start":{"line":50,"column":16},"end":{"line":52,"column":17}},"type":"if","locations":[{"start":{"line":50,"column":16},"end":{"line":52,"column":17}},{"start":{},"end":{}}],"line":50},"5":{"loc":{"start":{"line":54,"column":20},"end":{"line":79,"column":21}},"type":"if","locations":[{"start":{"line":54,"column":20},"end":{"line":79,"column":21}},{"start":{},"end":{}}],"line":54},"6":{"loc":{"start":{"line":55,"column":24},"end":{"line":78,"column":25}},"type":"if","locations":[{"start":{"line":55,"column":24},"end":{"line":78,"column":25}},{"start":{"line":68,"column":31},"end":{"line":78,"column":25}}],"line":55},"7":{"loc":{"start":{"line":65,"column":28},"end":{"line":67,"column":29}},"type":"if","locations":[{"start":{"line":65,"column":28},"end":{"line":67,"column":29}},{"start":{},"end":{}}],"line":65},"8":{"loc":{"start":{"line":65,"column":32},"end":{"line":65,"column":57}},"type":"binary-expr","locations":[{"start":{"line":65,"column":32},"end":{"line":65,"column":38}},{"start":{"line":65,"column":42},"end":{"line":65,"column":57}}],"line":65},"9":{"loc":{"start":{"line":75,"column":28},"end":{"line":77,"column":29}},"type":"if","locations":[{"start":{"line":75,"column":28},"end":{"line":77,"column":29}},{"start":{},"end":{}}],"line":75},"10":{"loc":{"start":{"line":75,"column":32},"end":{"line":75,"column":58}},"type":"binary-expr","locations":[{"start":{"line":75,"column":32},"end":{"line":75,"column":38}},{"start":{"line":75,"column":42},"end":{"line":75,"column":58}}],"line":75},"11":{"loc":{"start":{"line":96,"column":12},"end":{"line":109,"column":13}},"type":"if","locations":[{"start":{"line":96,"column":12},"end":{"line":109,"column":13}},{"start":{"line":106,"column":19},"end":{"line":109,"column":13}}],"line":96},"12":{"loc":{"start":{"line":97,"column":16},"end":{"line":98,"column":81}},"type":"binary-expr","locations":[{"start":{"line":97,"column":16},"end":{"line":97,"column":39}},{"start":{"line":98,"column":17},"end":{"line":98,"column":36}},{"start":{"line":98,"column":40},"end":{"line":98,"column":80}}],"line":97},"13":{"loc":{"start":{"line":117,"column":4},"end":{"line":125,"column":5}},"type":"if","locations":[{"start":{"line":117,"column":4},"end":{"line":125,"column":5}},{"start":{},"end":{}}],"line":117}},"s":{"0":0,"1":0,"2":0,"3":0,"4":0,"5":0,"6":0,"7":0,"8":0,"9":0,"10":0,"11":0,"12":0,"13":0,"14":0,"15":0,"16":0,"17":0,"18":0,"19":0,"20":0,"21":0,"22":0,"23":0,"24":0,"25":0,"26":0,"27":0,"28":0,"29":0,"30":0,"31":0,"32":0,"33":0,"34":0,"35":0},"f":{"0":0,"1":0,"2":0,"3":0,"4":0,"5":0,"6":0,"7":0,"8":0,"9":0,"10":0,"11":0,"12":0,"13":0,"14":0,"15":0},"b":{"0":[0,0,0],"1":[0,0],"2":[0,0],"3":[0,0],"4":[0,0],"5":[0,0],"6":[0,0],"7":[0,0],"8":[0,0],"9":[0,0],"10":[0,0],"11":[0,0],"12":[0,0,0],"13":[0,0]}}
,"C:\\Users\\seanr\\meet\\src\\components\\AlertView\\alert.jsx": {"path":"C:\\Users\\seanr\\meet\\src\\components\\AlertView\\alert.jsx","statementMap":{"0":{"start":{"line":6,"column":4},"end":{"line":6,"column":17}},"1":{"start":{"line":7,"column":4},"end":{"line":7,"column":22}},"2":{"start":{"line":8,"column":4},"end":{"line":8,"column":23}},"3":{"start":{"line":12,"column":4},"end":{"line":24,"column":6}},"4":{"start":{"line":28,"column":4},"end":{"line":32,"column":5}},"5":{"start":{"line":38,"column":4},"end":{"line":38,"column":17}},"6":{"start":{"line":39,"column":4},"end":{"line":39,"column":34}},"7":{"start":{"line":40,"column":4},"end":{"line":40,"column":40}},"8":{"start":{"line":46,"column":4},"end":{"line":46,"column":17}},"9":{"start":{"line":47,"column":4},"end":{"line":47,"column":34}},"10":{"start":{"line":48,"column":4},"end":{"line":48,"column":40}}},"fnMap":{"0":{"name":"(anonymous_0)","decl":{"start":{"line":5,"column":2},"end":{"line":5,"column":3}},"loc":{"start":{"line":5,"column":21},"end":{"line":9,"column":3}},"line":5},"1":{"name":"(anonymous_1)","decl":{"start":{"line":11,"column":2},"end":{"line":11,"column":3}},"loc":{"start":{"line":11,"column":13},"end":{"line":25,"column":3}},"line":11},"2":{"name":"(anonymous_2)","decl":{"start":{"line":27,"column":2},"end":{"line":27,"column":3}},"loc":{"start":{"line":27,"column":11},"end":{"line":33,"column":3}},"line":27},"3":{"name":"(anonymous_3)","decl":{"start":{"line":37,"column":2},"end":{"line":37,"column":3}},"loc":{"start":{"line":37,"column":21},"end":{"line":41,"column":3}},"line":37},"4":{"name":"(anonymous_4)","decl":{"start":{"line":45,"column":2},"end":{"line":45,"column":3}},"loc":{"start":{"line":45,"column":21},"end":{"line":49,"column":3}},"line":45}},"branchMap":{},"s":{"0":6,"1":6,"2":6,"3":15,"4":15,"5":4,"6":4,"7":4,"8":2,"9":2,"10":2},"f":{"0":6,"1":15,"2":15,"3":4,"4":2},"b":{},"_coverageSchema":"1a1c01bbd47fc00a2c39e90264f33305004495a9","hash":"2cd134743c4f8b8da977d149c20b6713d59eb191"}
,"C:\\Users\\seanr\\meet\\src\\components\\CitySearchView\\CitySearch.jsx": {"path":"C:\\Users\\seanr\\meet\\src\\components\\CitySearchView\\CitySearch.jsx","statementMap":{"0":{"start":{"line":4,"column":19},"end":{"line":98,"column":1}},"1":{"start":{"line":6,"column":28},"end":{"line":6,"column":40}},"2":{"start":{"line":7,"column":40},"end":{"line":7,"column":52}},"3":{"start":{"line":8,"column":48},"end":{"line":8,"column":63}},"4":{"start":{"line":9,"column":30},"end":{"line":9,"column":45}},"5":{"start":{"line":13,"column":2},"end":{"line":18,"column":63}},"6":{"start":{"line":14,"column":4},"end":{"line":14,"column":33}},"7":{"start":{"line":15,"column":4},"end":{"line":15,"column":16}},"8":{"start":{"line":16,"column":4},"end":{"line":16,"column":22}},"9":{"start":{"line":21,"column":29},"end":{"line":42,"column":3}},"10":{"start":{"line":22,"column":18},"end":{"line":22,"column":36}},"11":{"start":{"line":25,"column":6},"end":{"line":27,"column":13}},"12":{"start":{"line":26,"column":8},"end":{"line":26,"column":72}},"13":{"start":{"line":32,"column":4},"end":{"line":36,"column":5}},"14":{"start":{"line":33,"column":6},"end":{"line":33,"column":48}},"15":{"start":{"line":35,"column":6},"end":{"line":35,"column":19}},"16":{"start":{"line":38,"column":4},"end":{"line":38,"column":27}},"17":{"start":{"line":39,"column":4},"end":{"line":39,"column":20}},"18":{"start":{"line":40,"column":4},"end":{"line":40,"column":38}},"19":{"start":{"line":44,"column":28},"end":{"line":51,"column":3}},"20":{"start":{"line":45,"column":18},"end":{"line":45,"column":42}},"21":{"start":{"line":47,"column":4},"end":{"line":47,"column":20}},"22":{"start":{"line":48,"column":4},"end":{"line":48,"column":30}},"23":{"start":{"line":49,"column":4},"end":{"line":49,"column":26}},"24":{"start":{"line":50,"column":4},"end":{"line":50,"column":21}},"25":{"start":{"line":53,"column":21},"end":{"line":58,"column":3}},"26":{"start":{"line":54,"column":4},"end":{"line":54,"column":30}},"27":{"start":{"line":55,"column":4},"end":{"line":55,"column":16}},"28":{"start":{"line":56,"column":4},"end":{"line":56,"column":29}},"29":{"start":{"line":57,"column":4},"end":{"line":57,"column":21}},"30":{"start":{"line":60,"column":2},"end":{"line":97,"column":3}},"31":{"start":{"line":68,"column":10},"end":{"line":68,"column":34}},"32":{"start":{"line":87,"column":14},"end":{"line":87,"column":100}},"33":{"start":{"line":90,"column":52},"end":{"line":90,"column":117}}},"fnMap":{"0":{"name":"(anonymous_0)","decl":{"start":{"line":4,"column":19},"end":{"line":4,"column":20}},"loc":{"start":{"line":4,"column":92},"end":{"line":98,"column":1}},"line":4},"1":{"name":"(anonymous_1)","decl":{"start":{"line":13,"column":12},"end":{"line":13,"column":13}},"loc":{"start":{"line":13,"column":18},"end":{"line":18,"column":3}},"line":13},"2":{"name":"(anonymous_2)","decl":{"start":{"line":21,"column":29},"end":{"line":21,"column":30}},"loc":{"start":{"line":21,"column":40},"end":{"line":42,"column":3}},"line":21},"3":{"name":"(anonymous_3)","decl":{"start":{"line":25,"column":41},"end":{"line":25,"column":42}},"loc":{"start":{"line":25,"column":55},"end":{"line":27,"column":7}},"line":25},"4":{"name":"(anonymous_4)","decl":{"start":{"line":44,"column":28},"end":{"line":44,"column":29}},"loc":{"start":{"line":44,"column":39},"end":{"line":51,"column":3}},"line":44},"5":{"name":"(anonymous_5)","decl":{"start":{"line":53,"column":21},"end":{"line":53,"column":22}},"loc":{"start":{"line":53,"column":27},"end":{"line":58,"column":3}},"line":53},"6":{"name":"(anonymous_6)","decl":{"start":{"line":67,"column":17},"end":{"line":67,"column":18}},"loc":{"start":{"line":67,"column":23},"end":{"line":69,"column":9}},"line":67},"7":{"name":"(anonymous_7)","decl":{"start":{"line":86,"column":28},"end":{"line":86,"column":29}},"loc":{"start":{"line":86,"column":44},"end":{"line":88,"column":13}},"line":86},"8":{"name":"(anonymous_8)","decl":{"start":{"line":90,"column":44},"end":{"line":90,"column":45}},"loc":{"start":{"line":90,"column":50},"end":{"line":90,"column":119}},"line":90}},"branchMap":{"0":{"loc":{"start":{"line":25,"column":6},"end":{"line":27,"column":13}},"type":"cond-expr","locations":[{"start":{"line":25,"column":21},"end":{"line":27,"column":8}},{"start":{"line":27,"column":11},"end":{"line":27,"column":13}}],"line":25},"1":{"loc":{"start":{"line":32,"column":4},"end":{"line":36,"column":5}},"type":"if","locations":[{"start":{"line":32,"column":4},"end":{"line":36,"column":5}},{"start":{"line":34,"column":11},"end":{"line":36,"column":5}}],"line":32},"2":{"loc":{"start":{"line":73,"column":7},"end":{"line":94,"column":14}},"type":"cond-expr","locations":[{"start":{"line":74,"column":8},"end":{"line":93,"column":13}},{"start":{"line":94,"column":10},"end":{"line":94,"column":14}}],"line":73},"3":{"loc":{"start":{"line":75,"column":11},"end":{"line":82,"column":18}},"type":"cond-expr","locations":[{"start":{"line":75,"column":26},"end":{"line":75,"column":30}},{"start":{"line":77,"column":12},"end":{"line":82,"column":18}}],"line":75},"4":{"loc":{"start":{"line":91,"column":13},"end":{"line":91,"column":91}},"type":"cond-expr","locations":[{"start":{"line":91,"column":23},"end":{"line":91,"column":58}},{"start":{"line":91,"column":61},"end":{"line":91,"column":91}}],"line":91}},"s":{"0":5,"1":108,"2":108,"3":108,"4":108,"5":108,"6":22,"7":22,"8":22,"9":108,"10":42,"11":42,"12":270,"13":42,"14":24,"15":18,"16":42,"17":42,"18":42,"19":108,"20":3,"21":3,"22":3,"23":3,"24":3,"25":108,"26":0,"27":0,"28":0,"29":0,"30":108,"31":10,"32":97,"33":1},"f":{"0":108,"1":22,"2":42,"3":270,"4":3,"5":0,"6":10,"7":97,"8":1},"b":{"0":[42,0],"1":[24,18],"2":[63,45],"3":[10,53],"4":[25,38]},"_coverageSchema":"1a1c01bbd47fc00a2c39e90264f33305004495a9","hash":"f686a1d6871613c6972b03744f543f2a9f22dc35"}
,"C:\\Users\\seanr\\meet\\src\\components\\EventListView\\EventList.jsx": {"path":"C:\\Users\\seanr\\meet\\src\\components\\EventListView\\EventList.jsx","statementMap":{"0":{"start":{"line":6,"column":18},"end":{"line":16,"column":1}},"1":{"start":{"line":7,"column":4},"end":{"line":15,"column":6}},"2":{"start":{"line":10,"column":36},"end":{"line":11,"column":18}},"3":{"start":{"line":18,"column":0},"end":{"line":20,"column":1}}},"fnMap":{"0":{"name":"(anonymous_0)","decl":{"start":{"line":6,"column":18},"end":{"line":6,"column":19}},"loc":{"start":{"line":6,"column":34},"end":{"line":16,"column":1}},"line":6},"1":{"name":"(anonymous_1)","decl":{"start":{"line":10,"column":27},"end":{"line":10,"column":28}},"loc":{"start":{"line":10,"column":36},"end":{"line":11,"column":18}},"line":10}},"branchMap":{"0":{"loc":{"start":{"line":9,"column":13},"end":{"line":12,"column":20}},"type":"cond-expr","locations":[{"start":{"line":10,"column":16},"end":{"line":11,"column":19}},{"start":{"line":12,"column":16},"end":{"line":12,"column":20}}],"line":9}},"s":{"0":5,"1":25,"2":282,"3":5},"f":{"0":25,"1":282},"b":{"0":[23,2]},"_coverageSchema":"1a1c01bbd47fc00a2c39e90264f33305004495a9","hash":"b91761c0ba0c396aa0754f2accc7b3a25683d13d"}
,"C:\\Users\\seanr\\meet\\src\\components\\EventView\\Event.jsx": {"path":"C:\\Users\\seanr\\meet\\src\\components\\EventView\\Event.jsx","statementMap":{"0":{"start":{"line":4,"column":14},"end":{"line":44,"column":1}},"1":{"start":{"line":6,"column":28},"end":{"line":6,"column":43}},"2":{"start":{"line":7,"column":42},"end":{"line":7,"column":57}},"3":{"start":{"line":8,"column":18},"end":{"line":8,"column":58}},"4":{"start":{"line":9,"column":18},"end":{"line":9,"column":56}},"5":{"start":{"line":11,"column":26},"end":{"line":13,"column":5}},"6":{"start":{"line":12,"column":8},"end":{"line":12,"column":37}},"7":{"start":{"line":16,"column":25},"end":{"line":30,"column":5}},"8":{"start":{"line":19,"column":8},"end":{"line":29,"column":9}},"9":{"start":{"line":21,"column":12},"end":{"line":28,"column":22}},"10":{"start":{"line":32,"column":4},"end":{"line":43,"column":14}}},"fnMap":{"0":{"name":"(anonymous_0)","decl":{"start":{"line":4,"column":14},"end":{"line":4,"column":15}},"loc":{"start":{"line":4,"column":29},"end":{"line":44,"column":1}},"line":4},"1":{"name":"(anonymous_1)","decl":{"start":{"line":11,"column":26},"end":{"line":11,"column":27}},"loc":{"start":{"line":11,"column":32},"end":{"line":13,"column":5}},"line":11},"2":{"name":"(anonymous_2)","decl":{"start":{"line":16,"column":25},"end":{"line":16,"column":26}},"loc":{"start":{"line":18,"column":9},"end":{"line":30,"column":5}},"line":18}},"branchMap":{"0":{"loc":{"start":{"line":19,"column":8},"end":{"line":29,"column":9}},"type":"if","locations":[{"start":{"line":19,"column":8},"end":{"line":29,"column":9}},{"start":{},"end":{}}],"line":19},"1":{"loc":{"start":{"line":40,"column":15},"end":{"line":40,"column":60}},"type":"cond-expr","locations":[{"start":{"line":40,"column":29},"end":{"line":40,"column":43}},{"start":{"line":40,"column":46},"end":{"line":40,"column":60}}],"line":40}},"s":{"0":6,"1":291,"2":291,"3":291,"4":291,"5":291,"6":3,"7":291,"8":291,"9":2,"10":291},"f":{"0":291,"1":3,"2":291},"b":{"0":[2,289],"1":[2,289]},"_coverageSchema":"1a1c01bbd47fc00a2c39e90264f33305004495a9","hash":"a1840d0539be0451e099fb8660da56def8bfb10f"}
,"C:\\Users\\seanr\\meet\\src\\components\\numberOfEvents\\NumberOfEvents.jsx": {"path":"C:\\Users\\seanr\\meet\\src\\components\\numberOfEvents\\NumberOfEvents.jsx","statementMap":{"0":{"start":{"line":3,"column":23},"end":{"line":37,"column":1}},"1":{"start":{"line":5,"column":37},"end":{"line":5,"column":49}},"2":{"start":{"line":7,"column":4},"end":{"line":9,"column":23}},"3":{"start":{"line":8,"column":8},"end":{"line":8,"column":40}},"4":{"start":{"line":12,"column":24},"end":{"line":26,"column":5}},"5":{"start":{"line":13,"column":22},"end":{"line":13,"column":40}},"6":{"start":{"line":16,"column":8},"end":{"line":23,"column":9}},"7":{"start":{"line":17,"column":12},"end":{"line":17,"column":59}},"8":{"start":{"line":18,"column":12},"end":{"line":18,"column":35}},"9":{"start":{"line":20,"column":12},"end":{"line":20,"column":30}},"10":{"start":{"line":21,"column":12},"end":{"line":21,"column":43}},"11":{"start":{"line":22,"column":12},"end":{"line":22,"column":35}},"12":{"start":{"line":28,"column":4},"end":{"line":35,"column":5}}},"fnMap":{"0":{"name":"(anonymous_0)","decl":{"start":{"line":3,"column":23},"end":{"line":3,"column":24}},"loc":{"start":{"line":3,"column":61},"end":{"line":37,"column":1}},"line":3},"1":{"name":"(anonymous_1)","decl":{"start":{"line":7,"column":14},"end":{"line":7,"column":15}},"loc":{"start":{"line":7,"column":20},"end":{"line":9,"column":5}},"line":7},"2":{"name":"(anonymous_2)","decl":{"start":{"line":12,"column":24},"end":{"line":12,"column":25}},"loc":{"start":{"line":12,"column":35},"end":{"line":26,"column":5}},"line":12}},"branchMap":{"0":{"loc":{"start":{"line":16,"column":8},"end":{"line":23,"column":9}},"type":"if","locations":[{"start":{"line":16,"column":8},"end":{"line":23,"column":9}},{"start":{"line":19,"column":15},"end":{"line":23,"column":9}}],"line":16}},"s":{"0":5,"1":40,"2":40,"3":13,"4":40,"5":16,"6":16,"7":4,"8":4,"9":12,"10":12,"11":12,"12":40},"f":{"0":40,"1":13,"2":16},"b":{"0":[4,12]},"_coverageSchema":"1a1c01bbd47fc00a2c39e90264f33305004495a9","hash":"46c3dd8b429ef636c815536a58bd22e8f7d5ca9e"}
}
