TN:
SF:eslint.config.js
FNF:0
FNH:0
LF:0
LH:0
BRF:0
BRH:0
end_of_record
TN:
SF:eslintrc.js
FNF:0
FNH:0
LF:0
LH:0
BRF:0
BRH:0
end_of_record
TN:
SF:jest-puppeteer.js
FNF:0
FNH:0
DA:1,0
LF:1
LH:0
BRF:0
BRH:0
end_of_record
TN:
SF:vite.config.js
FNF:0
FNH:0
LF:0
LH:0
BRF:0
BRH:0
end_of_record
TN:
SF:src\App.jsx
FN:9,(anonymous_0)
FN:17,(anonymous_1)
FN:24,(anonymous_2)
FN:36,(anonymous_3)
FNF:4
FNH:4
FNDA:37,(anonymous_0)
FNDA:20,(anonymous_1)
FNDA:20,(anonymous_2)
FNDA:1500,(anonymous_3)
DA:9,5
DA:10,37
DA:11,37
DA:12,37
DA:13,37
DA:14,37
DA:17,37
DA:18,20
DA:19,20
DA:24,37
DA:26,20
DA:27,20
DA:28,20
DA:29,0
DA:30,0
DA:34,20
DA:36,1500
DA:38,20
DA:39,0
DA:40,0
DA:42,20
DA:45,20
DA:46,15
DA:47,15
DA:49,5
DA:50,5
DA:53,0
DA:57,37
LF:28
LH:23
BRDA:28,0,0,0
BRDA:28,0,1,20
BRDA:34,1,0,14
BRDA:34,1,1,6
BRDA:38,2,0,0
BRDA:38,2,1,20
BRDA:45,3,0,15
BRDA:45,3,1,5
BRF:8
BRH:6
end_of_record
TN:
SF:src\api.js
FN:4,(anonymous_0)
FN:5,(anonymous_1)
FN:11,(anonymous_2)
FN:26,(anonymous_3)
FN:48,(anonymous_4)
FN:60,(anonymous_5)
FN:67,(anonymous_6)
FNF:7
FNH:3
FNDA:25,(anonymous_0)
FNDA:6250,(anonymous_1)
FNDA:0,(anonymous_2)
FNDA:36,(anonymous_3)
FNDA:0,(anonymous_4)
FNDA:0,(anonymous_5)
FNDA:0,(anonymous_6)
DA:4,6
DA:5,6250
DA:6,25
DA:7,25
DA:11,6
DA:13,0
DA:14,0
DA:19,0
DA:21,0
DA:22,0
DA:26,6
DA:27,36
DA:28,36
DA:32,0
DA:35,0
DA:36,0
DA:37,0
DA:38,0
DA:39,0
DA:40,0
DA:42,0
DA:43,0
DA:48,6
DA:49,0
DA:50,0
DA:53,0
DA:54,0
DA:57,0
DA:60,6
DA:61,0
DA:64,0
DA:65,0
DA:67,6
DA:68,0
DA:69,0
DA:72,0
DA:73,0
DA:74,0
DA:75,0
DA:76,0
DA:77,0
DA:80,0
DA:81,0
DA:82,0
DA:84,0
DA:86,0
LF:46
LH:11
BRDA:13,0,0,0
BRDA:13,0,1,0
BRDA:13,1,0,0
BRDA:13,1,1,0
BRDA:27,2,0,36
BRDA:27,2,1,0
BRDA:35,3,0,0
BRDA:35,3,1,0
BRDA:40,4,0,0
BRDA:40,4,1,0
BRDA:54,5,0,0
BRDA:54,5,1,0
BRDA:69,6,0,0
BRDA:69,6,1,0
BRDA:72,7,0,0
BRDA:72,7,1,0
BRDA:72,8,0,0
BRDA:72,8,1,0
BRDA:76,9,0,0
BRDA:76,9,1,0
BRDA:84,10,0,0
BRDA:84,10,1,0
BRF:22
BRH:1
end_of_record
TN:
SF:src\main.jsx
FNF:0
FNH:0
DA:6,0
LF:1
LH:0
BRF:0
BRH:0
end_of_record
TN:
SF:src\mock-data.js
FNF:0
FNH:0
DA:1,6
LF:1
LH:1
BRF:0
BRH:0
end_of_record
TN:
SF:src\components\CitySearchView\CitySearch.jsx
FN:3,(anonymous_0)
FN:11,(anonymous_1)
FN:19,(anonymous_2)
FN:23,(anonymous_3)
FN:31,(anonymous_4)
FN:38,(anonymous_5)
FN:51,(anonymous_6)
FN:70,(anonymous_7)
FN:74,(anonymous_8)
FNF:9
FNH:8
FNDA:128,(anonymous_0)
FNDA:28,(anonymous_1)
FNDA:42,(anonymous_2)
FNDA:342,(anonymous_3)
FNDA:5,(anonymous_4)
FNDA:0,(anonymous_5)
FNDA:10,(anonymous_6)
FNDA:267,(anonymous_7)
FNDA:1,(anonymous_8)
DA:3,5
DA:5,128
DA:6,128
DA:7,128
DA:8,128
DA:11,128
DA:12,28
DA:13,28
DA:14,28
DA:19,128
DA:20,42
DA:23,42
DA:24,342
DA:26,42
DA:27,42
DA:31,128
DA:32,5
DA:33,5
DA:34,5
DA:35,5
DA:38,128
DA:39,0
DA:40,0
DA:41,0
DA:44,128
DA:52,10
DA:71,267
DA:74,1
LF:28
LH:25
BRDA:23,0,0,42
BRDA:23,0,1,0
BRDA:57,1,0,63
BRDA:57,1,1,65
BRDA:59,2,0,18
BRDA:59,2,1,45
BRDA:75,3,0,61
BRDA:75,3,1,2
BRF:8
BRH:7
end_of_record
TN:
SF:src\components\EventListView\EventList.jsx
FN:6,(anonymous_0)
FN:10,(anonymous_1)
FNF:2
FNH:2
FNDA:40,(anonymous_0)
FNDA:742,(anonymous_1)
DA:6,5
DA:7,40
DA:10,742
DA:18,5
LF:4
LH:4
BRDA:9,0,0,38
BRDA:9,0,1,2
BRF:2
BRH:2
end_of_record
TN:
SF:src\components\EventView\Event.jsx
FN:4,(anonymous_0)
FN:11,(anonymous_1)
FN:16,(anonymous_2)
FNF:3
FNH:3
FNDA:751,(anonymous_0)
FNDA:3,(anonymous_1)
FNDA:751,(anonymous_2)
DA:4,6
DA:6,751
DA:7,751
DA:8,751
DA:9,751
DA:11,751
DA:12,3
DA:16,751
DA:19,751
DA:21,2
DA:32,751
LF:11
LH:11
BRDA:19,0,0,2
BRDA:19,0,1,749
BRDA:40,1,0,2
BRDA:40,1,1,749
BRF:4
BRH:4
end_of_record
TN:
SF:src\components\numberOfEvents\NumberOfEvents.jsx
FN:3,(anonymous_0)
FN:7,(anonymous_1)
FN:12,(anonymous_2)
FNF:3
FNH:3
FNDA:51,(anonymous_0)
FNDA:13,(anonymous_1)
FNDA:16,(anonymous_2)
DA:3,5
DA:5,51
DA:7,51
DA:8,13
DA:12,51
DA:13,16
DA:14,16
DA:15,16
DA:18,51
LF:9
LH:9
BRF:0
BRH:0
end_of_record
