TN:
SF:eslint.config.js
FNF:0
FNH:0
LF:0
LH:0
BRF:0
BRH:0
end_of_record
TN:
SF:eslintrc.js
FNF:0
FNH:0
LF:0
LH:0
BRF:0
BRH:0
end_of_record
TN:
SF:jest-puppeteer.js
FNF:0
FNH:0
DA:1,0
LF:1
LH:0
BRF:0
BRH:0
end_of_record
TN:
SF:vite.config.js
FNF:0
FNH:0
LF:0
LH:0
BRF:0
BRH:0
end_of_record
TN:
SF:src\App.jsx
FN:10,(anonymous_0)
FN:19,(anonymous_1)
FN:20,(anonymous_2)
FN:28,(anonymous_3)
FN:40,(anonymous_4)
FNF:5
FNH:4
FNDA:23,(anonymous_0)
FNDA:15,(anonymous_1)
FNDA:3,(anonymous_2)
FNDA:3,(anonymous_3)
FNDA:0,(anonymous_4)
DA:10,5
DA:11,23
DA:12,23
DA:13,23
DA:14,23
DA:15,23
DA:16,23
DA:17,23
DA:19,23
DA:20,15
DA:21,3
DA:22,3
DA:28,23
DA:30,3
DA:31,3
DA:32,3
DA:33,0
DA:34,0
DA:38,3
DA:40,0
DA:42,3
DA:43,0
DA:44,0
DA:46,3
DA:49,3
DA:50,3
DA:51,3
DA:53,0
DA:54,0
DA:57,0
DA:61,23
LF:31
LH:23
BRDA:32,0,0,0
BRDA:32,0,1,3
BRDA:38,1,0,3
BRDA:38,1,1,0
BRDA:42,2,0,0
BRDA:42,2,1,3
BRDA:49,3,0,3
BRDA:49,3,1,0
BRDA:64,4,0,14
BRDA:64,4,1,9
BRDA:65,5,0,2
BRDA:65,5,1,21
BRF:12
BRH:8
end_of_record
TN:
SF:src\api.js
FN:4,(anonymous_0)
FN:5,(anonymous_1)
FN:10,(anonymous_2)
FN:29,(anonymous_3)
FN:50,(anonymous_4)
FN:57,(anonymous_5)
FN:73,(anonymous_6)
FNF:7
FNH:3
FNDA:8,(anonymous_0)
FNDA:2000,(anonymous_1)
FNDA:18,(anonymous_2)
FNDA:0,(anonymous_3)
FNDA:0,(anonymous_4)
FNDA:0,(anonymous_5)
FNDA:0,(anonymous_6)
DA:4,6
DA:5,2000
DA:6,8
DA:7,8
DA:10,6
DA:11,18
DA:12,18
DA:16,0
DA:18,0
DA:19,0
DA:20,0
DA:21,0
DA:22,0
DA:23,0
DA:25,0
DA:26,0
DA:29,6
DA:30,0
DA:31,0
DA:34,0
DA:35,0
DA:36,0
DA:37,0
DA:38,0
DA:39,0
DA:42,0
DA:43,0
DA:44,0
DA:46,0
DA:48,0
DA:50,6
DA:51,0
DA:54,0
DA:55,0
DA:57,6
DA:59,0
DA:60,0
DA:65,0
DA:67,0
DA:68,0
DA:73,6
DA:74,0
DA:75,0
DA:77,0
DA:78,0
DA:79,0
DA:81,0
DA:82,0
DA:83,0
DA:85,0
LF:50
LH:11
BRDA:11,0,0,18
BRDA:11,0,1,0
BRDA:18,1,0,0
BRDA:18,1,1,0
BRDA:23,2,0,0
BRDA:23,2,1,0
BRDA:31,3,0,0
BRDA:31,3,1,0
BRDA:34,4,0,0
BRDA:34,4,1,0
BRDA:34,5,0,0
BRDA:34,5,1,0
BRDA:38,6,0,0
BRDA:38,6,1,0
BRDA:46,7,0,0
BRDA:46,7,1,0
BRDA:59,8,0,0
BRDA:59,8,1,0
BRDA:59,9,0,0
BRDA:59,9,1,0
BRDA:78,10,0,0
BRDA:78,10,1,0
BRDA:82,11,0,0
BRDA:82,11,1,0
BRF:24
BRH:1
end_of_record
TN:
SF:src\main.jsx
FNF:0
FNH:0
DA:9,0
DA:13,0
DA:18,0
LF:3
LH:0
BRF:0
BRH:0
end_of_record
TN:
SF:src\mock-data.js
FNF:0
FNH:0
DA:1,6
LF:1
LH:1
BRF:0
BRH:0
end_of_record
TN:
SF:src\service-worker.js
FN:31,(anonymous_0)
FN:44,(anonymous_1)
FN:57,(anonymous_2)
FNF:3
FNH:0
FNDA:0,(anonymous_0)
FNDA:0,(anonymous_1)
FNDA:0,(anonymous_2)
DA:16,0
DA:22,0
DA:27,0
DA:28,0
DA:30,0
DA:32,0
DA:33,0
DA:34,0
DA:35,0
DA:42,0
DA:44,0
DA:57,0
DA:58,0
DA:59,0
LF:14
LH:0
BRDA:32,0,0,0
BRDA:32,0,1,0
BRDA:33,1,0,0
BRDA:33,1,1,0
BRDA:34,2,0,0
BRDA:34,2,1,0
BRDA:44,3,0,0
BRDA:44,3,1,0
BRDA:58,4,0,0
BRDA:58,4,1,0
BRDA:58,5,0,0
BRDA:58,5,1,0
BRF:12
BRH:0
end_of_record
TN:
SF:src\serviceWorkerRegistration.js
FN:21,register
FN:23,(anonymous_1)
FN:30,(anonymous_2)
FN:44,registerValidSW
FN:47,(anonymous_4)
FN:48,(anonymous_5)
FN:53,(anonymous_6)
FN:83,(anonymous_7)
FN:88,checkValidServiceWorker
FN:93,(anonymous_9)
FN:101,(anonymous_10)
FN:102,(anonymous_11)
FN:111,(anonymous_12)
FN:116,unregister
FN:119,(anonymous_14)
FN:122,(anonymous_15)
FNF:16
FNH:0
FNDA:0,register
FNDA:0,(anonymous_1)
FNDA:0,(anonymous_2)
FNDA:0,registerValidSW
FNDA:0,(anonymous_4)
FNDA:0,(anonymous_5)
FNDA:0,(anonymous_6)
FNDA:0,(anonymous_7)
FNDA:0,checkValidServiceWorker
FNDA:0,(anonymous_9)
FNDA:0,(anonymous_10)
FNDA:0,(anonymous_11)
FNDA:0,(anonymous_12)
FNDA:0,unregister
FNDA:0,(anonymous_14)
FNDA:0,(anonymous_15)
DA:13,0
DA:22,0
DA:23,0
DA:24,0
DA:26,0
DA:28,0
DA:30,0
DA:31,0
DA:38,0
DA:45,0
DA:48,0
DA:49,0
DA:50,0
DA:51,0
DA:53,0
DA:54,0
DA:55,0
DA:59,0
DA:65,0
DA:66,0
DA:72,0
DA:75,0
DA:76,0
DA:84,0
DA:90,0
DA:95,0
DA:96,0
DA:101,0
DA:102,0
DA:103,0
DA:108,0
DA:112,0
DA:117,0
DA:118,0
DA:120,0
DA:123,0
LF:36
LH:0
BRDA:14,0,0,0
BRDA:14,0,1,0
BRDA:14,0,2,0
BRDA:22,1,0,0
BRDA:22,1,1,0
BRDA:22,2,0,0
BRDA:22,2,1,0
BRDA:26,3,0,0
BRDA:26,3,1,0
BRDA:50,4,0,0
BRDA:50,4,1,0
BRDA:54,5,0,0
BRDA:54,5,1,0
BRDA:55,6,0,0
BRDA:55,6,1,0
BRDA:65,7,0,0
BRDA:65,7,1,0
BRDA:65,8,0,0
BRDA:65,8,1,0
BRDA:75,9,0,0
BRDA:75,9,1,0
BRDA:75,10,0,0
BRDA:75,10,1,0
BRDA:96,11,0,0
BRDA:96,11,1,0
BRDA:97,12,0,0
BRDA:97,12,1,0
BRDA:97,12,2,0
BRDA:117,13,0,0
BRDA:117,13,1,0
BRF:30
BRH:0
end_of_record
TN:
SF:src\components\AlertView\alert.jsx
FN:5,(anonymous_0)
FN:11,(anonymous_1)
FN:27,(anonymous_2)
FN:37,(anonymous_3)
FN:45,(anonymous_4)
FNF:5
FNH:5
FNDA:6,(anonymous_0)
FNDA:15,(anonymous_1)
FNDA:15,(anonymous_2)
FNDA:4,(anonymous_3)
FNDA:2,(anonymous_4)
DA:6,6
DA:7,6
DA:8,6
DA:12,15
DA:28,15
DA:38,4
DA:39,4
DA:40,4
DA:46,2
DA:47,2
DA:48,2
LF:11
LH:11
BRF:0
BRH:0
end_of_record
TN:
SF:src\components\CitySearchView\CitySearch.jsx
FN:4,(anonymous_0)
FN:13,(anonymous_1)
FN:21,(anonymous_2)
FN:25,(anonymous_3)
FN:44,(anonymous_4)
FN:53,(anonymous_5)
FN:67,(anonymous_6)
FN:86,(anonymous_7)
FN:90,(anonymous_8)
FNF:9
FNH:8
FNDA:108,(anonymous_0)
FNDA:22,(anonymous_1)
FNDA:42,(anonymous_2)
FNDA:270,(anonymous_3)
FNDA:3,(anonymous_4)
FNDA:0,(anonymous_5)
FNDA:10,(anonymous_6)
FNDA:97,(anonymous_7)
FNDA:1,(anonymous_8)
DA:4,5
DA:6,108
DA:7,108
DA:8,108
DA:9,108
DA:13,108
DA:14,22
DA:15,22
DA:16,22
DA:21,108
DA:22,42
DA:25,42
DA:26,270
DA:32,42
DA:33,24
DA:35,18
DA:38,42
DA:39,42
DA:40,42
DA:44,108
DA:45,3
DA:47,3
DA:48,3
DA:49,3
DA:50,3
DA:53,108
DA:54,0
DA:55,0
DA:56,0
DA:57,0
DA:60,108
DA:68,10
DA:87,97
DA:90,1
LF:34
LH:30
BRDA:25,0,0,42
BRDA:25,0,1,0
BRDA:32,1,0,24
BRDA:32,1,1,18
BRDA:73,2,0,63
BRDA:73,2,1,45
BRDA:75,3,0,10
BRDA:75,3,1,53
BRDA:91,4,0,25
BRDA:91,4,1,38
BRF:10
BRH:9
end_of_record
TN:
SF:src\components\EventListView\EventList.jsx
FN:6,(anonymous_0)
FN:10,(anonymous_1)
FNF:2
FNH:2
FNDA:25,(anonymous_0)
FNDA:282,(anonymous_1)
DA:6,5
DA:7,25
DA:10,282
DA:18,5
LF:4
LH:4
BRDA:9,0,0,23
BRDA:9,0,1,2
BRF:2
BRH:2
end_of_record
TN:
SF:src\components\EventView\Event.jsx
FN:4,(anonymous_0)
FN:11,(anonymous_1)
FN:16,(anonymous_2)
FNF:3
FNH:3
FNDA:291,(anonymous_0)
FNDA:3,(anonymous_1)
FNDA:291,(anonymous_2)
DA:4,6
DA:6,291
DA:7,291
DA:8,291
DA:9,291
DA:11,291
DA:12,3
DA:16,291
DA:19,291
DA:21,2
DA:32,291
LF:11
LH:11
BRDA:19,0,0,2
BRDA:19,0,1,289
BRDA:40,1,0,2
BRDA:40,1,1,289
BRF:4
BRH:4
end_of_record
TN:
SF:src\components\numberOfEvents\NumberOfEvents.jsx
FN:3,(anonymous_0)
FN:7,(anonymous_1)
FN:12,(anonymous_2)
FNF:3
FNH:3
FNDA:40,(anonymous_0)
FNDA:13,(anonymous_1)
FNDA:16,(anonymous_2)
DA:3,5
DA:5,40
DA:7,40
DA:8,13
DA:12,40
DA:13,16
DA:16,16
DA:17,4
DA:18,4
DA:20,12
DA:21,12
DA:22,12
DA:28,40
LF:13
LH:13
BRDA:16,0,0,4
BRDA:16,0,1,12
BRF:2
BRH:2
end_of_record
